<?xml version="1.0" encoding="UTF-8"?>
<!-- Generated by org.testng.reporters.JUnitReportReporter -->
<testsuite skipped="0" hostname="DESKTOP-8KLP3O2" name="com.practice.TC_Login" tests="1" failures="0" timestamp="2022-04-05T17:01:07 IST" time="15.882" errors="0">
  <testcase name="loginTest" time="15.882" classname="com.practice.TC_Login"/>
  <system-out/>
</testsuite> <!-- com.practice.TC_Login -->
